<?xml version="1.0" encoding="UTF-8"?>
<!-- Generated by org.testng.reporters.JUnitReportReporter -->
<testsuite hostname="TUQA06" failures="0" tests="1" name="testCases.IrbTc1" time="10.195" errors="0" timestamp="2023-07-19T09:14:33 CDT" skipped="0">
  <testcase classname="testCases.IrbTc1" name="testIRB" time="10.195"/>
  <system-out/>
</testsuite> <!-- testCases.IrbTc1 -->
